2020-02-06 16:55:31,872 DEBUG [qtp1616257837-20] c.ServiceController [ServiceController.java:40] NEL METODO doGET()
2020-02-06 17:13:33,213 DEBUG [qtp356338363-21] c.LoginController [LoginController.java:39] controllers: LoginController: doGET()
2020-02-06 17:13:46,859 DEBUG [qtp356338363-19] c.LoginController [LoginController.java:52] controllers: LoginController: doPOST()
2020-02-06 17:13:51,634 DEBUG [qtp356338363-16] c.LineaController [LineaController.java:39] controllers: LineaController: doGET()
2020-02-06 17:15:56,954 DEBUG [qtp356338363-16] c.LoginController [LoginController.java:39] controllers: LoginController: doGET()
2020-02-06 17:16:22,991 DEBUG [qtp356338363-16] c.LoginController [LoginController.java:52] controllers: LoginController: doPOST()
2020-02-06 17:16:51,625 DEBUG [qtp356338363-29] c.LoginController [LoginController.java:52] controllers: LoginController: doPOST()
2020-02-06 17:16:51,667 DEBUG [qtp356338363-18] c.LoginController [LoginController.java:52] controllers: LoginController: doPOST()
2020-02-06 17:16:51,804 DEBUG [qtp356338363-16] c.LineaController [LineaController.java:39] controllers: LineaController: doGET()
2020-02-06 17:20:04,287 DEBUG [qtp356338363-19] c.LineaController [LineaController.java:39] controllers: LineaController: doGET()
2020-02-06 17:20:13,613 DEBUG [qtp356338363-18] c.LoginController [LoginController.java:39] controllers: LoginController: doGET()
2020-02-06 17:20:32,715 DEBUG [qtp356338363-15] c.LoginController [LoginController.java:52] controllers: LoginController: doPOST()
2020-02-06 17:20:37,722 DEBUG [qtp356338363-17] c.LineaController [LineaController.java:39] controllers: LineaController: doGET()
2020-02-10 18:38:12,246 DEBUG [qtp1576416089-20] c.LineaController [ScadaProvider.java:51] controllers: ScadaProvider: doGET()
2020-02-10 18:38:58,958 DEBUG [qtp1576416089-16] c.LineaController [ScadaProvider.java:51] controllers: ScadaProvider: doGET()
2020-02-10 18:39:04,684 DEBUG [qtp1576416089-14] c.LoginController [LoginController.java:39] controllers: LoginController: doGET()
2020-02-10 18:42:29,900 DEBUG [qtp884868698-19] c.LineaController [ScadaProvider.java:51] controllers: ScadaProvider: doGET()
2020-02-10 20:59:50,770 DEBUG [qtp2121560119-22] c.LineaController [ScadaProvider.java:51] controllers: ScadaProvider: doGET()
2020-02-10 21:00:55,372 DEBUG [qtp1465800495-21] c.LineaController [ScadaProvider.java:51] controllers: ScadaProvider: doGET()
2020-02-10 21:13:02,394 DEBUG [qtp1365349839-22] c.LineaController [ScadaProvider.java:51] controllers: ScadaProvider: doGET()
2020-02-10 21:15:37,245 DEBUG [qtp346125981-22] c.ScadaProvider [ScadaProvider.java:51] controllers: ScadaProvider: doGET()
2020-02-10 21:38:00,133 DEBUG [qtp1625094636-18] c.ScadaProvider [ScadaProvider.java:51] controllers: ScadaProvider: doGET()
2020-02-10 21:39:06,683 DEBUG [qtp499310212-19] c.ScadaProvider [ScadaProvider.java:51] controllers: ScadaProvider: doGET()
2020-02-10 21:42:32,898 DEBUG [qtp1465800495-23] c.ScadaProvider [ScadaProvider.java:51] controllers: ScadaProvider: doGET()
2020-02-10 21:46:09,097 DEBUG [qtp1465800495-35] c.ScadaProvider [ScadaProvider.java:51] controllers: ScadaProvider: doGET()
2020-02-11 12:03:33,300 DEBUG [qtp499310212-21] c.ScadaProvider [ScadaProvider.java:51] controllers: ScadaProvider: doGET()
2020-02-11 12:11:21,369 DEBUG [qtp1682031750-23] c.ScadaProvider [ScadaProvider.java:51] controllers: ScadaProvider: doGET()
2020-02-11 12:37:41,548 DEBUG [qtp1682031750-19] c.ScadaProvider [ScadaProvider.java:51] controllers: ScadaProvider: doGET()
2020-02-11 12:39:05,688 DEBUG [qtp1682031750-19] c.ScadaProvider [ScadaProvider.java:51] controllers: ScadaProvider: doGET()
2020-02-11 12:41:18,843 DEBUG [qtp1682031750-19] c.ScadaProvider [ScadaProvider.java:51] controllers: ScadaProvider: doGET()
2020-02-11 12:45:40,218 DEBUG [qtp1682031750-21] c.ScadaProvider [ScadaProvider.java:51] controllers: ScadaProvider: doGET()
2020-02-11 12:48:02,392 DEBUG [qtp1682031750-14] c.ScadaProvider [ScadaProvider.java:51] controllers: ScadaProvider: doGET()
